<?xml version="1.0" encoding="UTF-8"?>
<robot generator="Robot 7.0 (Python 3.10.9 on darwin)" generated="2024-03-25T01:24:22.093128" rpa="false" schemaversion="5">
<suite id="s1" name="Logintest" source="/Users/queenels/PycharmProjects/Test_Indosat/Payment_Journey/testsuites/functionaltest/logintest.robot">
<test id="s1-t1" name="TC01. Verify that the user will be able to login with their acc with the correct credential" line="17">
<kw name="Set Selenium Speed" owner="SeleniumLibrary">
<arg>.2s</arg>
<doc>Sets the delay that is waited after each Selenium command.</doc>
<status status="PASS" start="2024-03-25T01:24:22.773254" elapsed="0.002112"/>
</kw>
<kw name="Set Selenium Timeout" owner="SeleniumLibrary">
<arg>10s</arg>
<doc>Sets the timeout that is used by various keywords.</doc>
<status status="PASS" start="2024-03-25T01:24:22.776163" elapsed="0.001112"/>
</kw>
<kw name="Log" owner="BuiltIn">
<msg time="2024-03-25T01:24:22.778451" level="INFO">Starting the test case!</msg>
<arg>Starting the test case!</arg>
<doc>Logs the given message with the given level.</doc>
<status status="PASS" start="2024-03-25T01:24:22.777932" elapsed="0.000764"/>
</kw>
<kw name="Open Browser" owner="SeleniumLibrary">
<msg time="2024-03-25T01:24:22.780563" level="INFO">Opening browser 'chrome' to base url 'https://www.happydayshopping.com/products/account'.</msg>
<arg>${URL1}</arg>
<arg>chrome</arg>
<doc>Opens a new browser instance to the optional ``url``.</doc>
<status status="PASS" start="2024-03-25T01:24:22.779760" elapsed="33.734629"/>
</kw>
<kw name="Maximize Browser Window" owner="SeleniumLibrary">
<doc>Maximizes current browser window.</doc>
<status status="PASS" start="2024-03-25T01:24:56.516465" elapsed="3.536429"/>
</kw>
<kw name="Click Element" owner="SeleniumLibrary">
<msg time="2024-03-25T01:25:00.055019" level="INFO">Clicking element '//input[@id='ec-signin-email-input']'.</msg>
<msg time="2024-03-25T01:25:05.348660" level="INFO" html="true">&lt;/td&gt;&lt;/tr&gt;&lt;tr&gt;&lt;td colspan="3"&gt;&lt;a href="selenium-screenshot-79.png"&gt;&lt;img src="selenium-screenshot-79.png" width="800px"&gt;&lt;/a&gt;</msg>
<msg time="2024-03-25T01:25:05.349214" level="FAIL">Element with locator '//input[@id='ec-signin-email-input']' not found.</msg>
<arg>${ELEMENT_LOGIN}</arg>
<doc>Click the element identified by ``locator``.</doc>
<status status="FAIL" start="2024-03-25T01:25:00.053648" elapsed="5.304407">Element with locator '//input[@id='ec-signin-email-input']' not found.</status>
</kw>
<kw name="Input Text" owner="SeleniumLibrary">
<arg>${INPUT_USERNAME}</arg>
<arg>${VALID_USERNAME}</arg>
<doc>Types the given ``text`` into the text field identified by ``locator``.</doc>
<status status="NOT RUN" start="2024-03-25T01:25:05.358835" elapsed="0.000132"/>
</kw>
<kw name="Click Button" owner="SeleniumLibrary">
<arg>${LOGIN_BTN}</arg>
<doc>Clicks the button identified by ``locator``.</doc>
<status status="NOT RUN" start="2024-03-25T01:25:05.359857" elapsed="0.000120"/>
</kw>
<kw name="Go To" owner="SeleniumLibrary">
<arg>${URL2}</arg>
<doc>Navigates the current browser window to the provided ``url``.</doc>
<status status="NOT RUN" start="2024-03-25T01:25:05.360917" elapsed="0.000176"/>
</kw>
<kw name="Click Button" owner="SeleniumLibrary">
<arg>${LOGIN_LINK}</arg>
<doc>Clicks the button identified by ``locator``.</doc>
<status status="NOT RUN" start="2024-03-25T01:25:05.361935" elapsed="0.000131"/>
</kw>
<kw name="Sleep" owner="BuiltIn">
<arg>3s</arg>
<doc>Pauses the test executed for the given time.</doc>
<status status="NOT RUN" start="2024-03-25T01:25:05.362613" elapsed="0.000119"/>
</kw>
<kw name="Close Browser" owner="SeleniumLibrary">
<doc>Closes the current browser.</doc>
<status status="NOT RUN" start="2024-03-25T01:25:05.363225" elapsed="0.000112"/>
</kw>
<doc>This is the login with valid username &amp; password</doc>
<tag>Positive Test Case</tag>
<status status="FAIL" start="2024-03-25T01:24:22.770362" elapsed="42.593836">Element with locator '//input[@id='ec-signin-email-input']' not found.</status>
</test>
<doc>This is some basic info about the whole suite</doc>
<status status="FAIL" start="2024-03-25T01:24:22.109519" elapsed="43.257548"/>
</suite>
<statistics>
<total>
<stat pass="0" fail="1" skip="0">All Tests</stat>
</total>
<tag>
<stat pass="0" fail="1" skip="0">Positive Test Case</stat>
</tag>
<suite>
<stat pass="0" fail="1" skip="0" id="s1" name="Logintest">Logintest</stat>
</suite>
</statistics>
<errors>
</errors>
</robot>
