<?xml version="1.0" encoding="UTF-8"?>
<robot generator="Robot 7.0 (Python 3.10.9 on darwin)" generated="2024-03-25T11:06:19.694001" rpa="false" schemaversion="5">
<suite id="s1" name="Logintest" source="/Users/queenels/PycharmProjects/Test_Indosat/Automation/test/logintest.robot">
<test id="s1-t1" name="TC01. Verify that the user will be able to see and type to the input field of email" line="20">
<kw name="Set Selenium Speed" owner="SeleniumLibrary">
<arg>.2s</arg>
<doc>Sets the delay that is waited after each Selenium command.</doc>
<status status="PASS" start="2024-03-25T11:06:19.971011" elapsed="0.000429"/>
</kw>
<kw name="Set Selenium Timeout" owner="SeleniumLibrary">
<arg>10s</arg>
<doc>Sets the timeout that is used by various keywords.</doc>
<status status="PASS" start="2024-03-25T11:06:19.971898" elapsed="0.000350"/>
</kw>
<kw name="Log" owner="BuiltIn">
<msg time="2024-03-25T11:06:19.972782" level="INFO">Starting the test case!</msg>
<arg>Starting the test case!</arg>
<doc>Logs the given message with the given level.</doc>
<status status="PASS" start="2024-03-25T11:06:19.972569" elapsed="0.000303"/>
</kw>
<kw name="Open Browser" owner="SeleniumLibrary">
<msg time="2024-03-25T11:06:19.973614" level="INFO">Opening browser 'chrome' to base url 'https://www.happydayshopping.com/products/account'.</msg>
<arg>${URL1}</arg>
<arg>chrome</arg>
<doc>Opens a new browser instance to the optional ``url``.</doc>
<status status="PASS" start="2024-03-25T11:06:19.973181" elapsed="10.979202"/>
</kw>
<kw name="Maximize Browser Window" owner="SeleniumLibrary">
<doc>Maximizes current browser window.</doc>
<status status="PASS" start="2024-03-25T11:06:30.954073" elapsed="0.655750"/>
</kw>
<kw name="Sleep" owner="BuiltIn">
<msg time="2024-03-25T11:06:34.628154" level="INFO">Slept 3 seconds.</msg>
<arg>3</arg>
<doc>Pauses the test executed for the given time.</doc>
<status status="PASS" start="2024-03-25T11:06:31.611002" elapsed="3.017356"/>
</kw>
<kw name="Element Should Be Visible" owner="SeleniumLibrary">
<msg time="2024-03-25T11:06:35.183857" level="INFO">Element '//input[@id='ec-signin-email-input']' is displayed.</msg>
<arg>${INPUT_USERNAME}</arg>
<doc>Verifies that the element identified by ``locator`` is visible.</doc>
<status status="PASS" start="2024-03-25T11:06:34.628970" elapsed="0.555472"/>
</kw>
<kw name="Input Text" owner="SeleniumLibrary">
<msg time="2024-03-25T11:06:35.185574" level="INFO">Typing text 'sarah_sasa17@yahoo.com' into text field '//input[@id='ec-signin-email-input']'.</msg>
<arg>${INPUT_USERNAME}</arg>
<arg>${VALID_USERNAME}</arg>
<doc>Types the given ``text`` into the text field identified by ``locator``.</doc>
<status status="PASS" start="2024-03-25T11:06:35.184885" elapsed="1.061727"/>
</kw>
<kw name="Sleep" owner="BuiltIn">
<msg time="2024-03-25T11:06:39.248241" level="INFO">Slept 3 seconds.</msg>
<arg>3s</arg>
<doc>Pauses the test executed for the given time.</doc>
<status status="PASS" start="2024-03-25T11:06:36.247338" elapsed="3.001126"/>
</kw>
<kw name="Close Browser" owner="SeleniumLibrary">
<doc>Closes the current browser.</doc>
<status status="PASS" start="2024-03-25T11:06:39.249084" elapsed="0.331412"/>
</kw>
<doc>This is the login with a valid email</doc>
<tag>Positive Test Case</tag>
<status status="PASS" start="2024-03-25T11:06:19.969315" elapsed="19.611778"/>
</test>
<test id="s1-t2" name="TC02. Verify that the user will be able to input their email to login page and click login button" line="42">
<kw name="Set Selenium Speed" owner="SeleniumLibrary">
<arg>.2s</arg>
<doc>Sets the delay that is waited after each Selenium command.</doc>
<status status="PASS" start="2024-03-25T11:06:39.583718" elapsed="0.000770"/>
</kw>
<kw name="Set Selenium Timeout" owner="SeleniumLibrary">
<arg>10s</arg>
<doc>Sets the timeout that is used by various keywords.</doc>
<status status="PASS" start="2024-03-25T11:06:39.585043" elapsed="0.000656"/>
</kw>
<kw name="Log" owner="BuiltIn">
<msg time="2024-03-25T11:06:39.587024" level="INFO">Starting the test case!</msg>
<arg>Starting the test case!</arg>
<doc>Logs the given message with the given level.</doc>
<status status="PASS" start="2024-03-25T11:06:39.586629" elapsed="0.000543"/>
</kw>
<kw name="Open Browser" owner="SeleniumLibrary">
<msg time="2024-03-25T11:06:39.588355" level="INFO">Opening browser 'chrome' to base url 'https://www.happydayshopping.com/products/account'.</msg>
<arg>${URL1}</arg>
<arg>chrome</arg>
<doc>Opens a new browser instance to the optional ``url``.</doc>
<status status="PASS" start="2024-03-25T11:06:39.587721" elapsed="10.235945"/>
</kw>
<kw name="Maximize Browser Window" owner="SeleniumLibrary">
<doc>Maximizes current browser window.</doc>
<status status="PASS" start="2024-03-25T11:06:49.824948" elapsed="0.628304"/>
</kw>
<kw name="Sleep" owner="BuiltIn">
<msg time="2024-03-25T11:06:53.455796" level="INFO">Slept 3 seconds.</msg>
<arg>3</arg>
<doc>Pauses the test executed for the given time.</doc>
<status status="PASS" start="2024-03-25T11:06:50.453653" elapsed="3.002299"/>
</kw>
<kw name="Input Text" owner="SeleniumLibrary">
<msg time="2024-03-25T11:06:53.456909" level="INFO">Typing text 'sarah_sasa17@yahoo.com' into text field '//input[@id='ec-signin-email-input']'.</msg>
<arg>${INPUT_USERNAME}</arg>
<arg>${VALID_USERNAME}</arg>
<doc>Types the given ``text`` into the text field identified by ``locator``.</doc>
<status status="PASS" start="2024-03-25T11:06:53.456301" elapsed="0.917254"/>
</kw>
<kw name="Sleep" owner="BuiltIn">
<msg time="2024-03-25T11:06:57.375362" level="INFO">Slept 3 seconds.</msg>
<arg>3</arg>
<doc>Pauses the test executed for the given time.</doc>
<status status="PASS" start="2024-03-25T11:06:54.374717" elapsed="3.000814"/>
</kw>
<kw name="Click Button" owner="SeleniumLibrary">
<msg time="2024-03-25T11:06:57.376437" level="INFO">Clicking button '//button[@class='form-control__button form-control__button--icon-center']'.</msg>
<arg>${LOGIN_BTN}</arg>
<doc>Clicks the button identified by ``locator``.</doc>
<status status="PASS" start="2024-03-25T11:06:57.376036" elapsed="1.191048"/>
</kw>
<kw name="Sleep" owner="BuiltIn">
<msg time="2024-03-25T11:07:01.576782" level="INFO">Slept 3 seconds.</msg>
<arg>3s</arg>
<doc>Pauses the test executed for the given time.</doc>
<status status="PASS" start="2024-03-25T11:06:58.576045" elapsed="3.000915"/>
</kw>
<kw name="Close Browser" owner="SeleniumLibrary">
<doc>Closes the current browser.</doc>
<status status="PASS" start="2024-03-25T11:07:01.577424" elapsed="0.287617"/>
</kw>
<doc>This is the login with a valid email</doc>
<tag>Positive Test Case</tag>
<status status="PASS" start="2024-03-25T11:06:39.582005" elapsed="22.283607"/>
</test>
<test id="s1-t3" name="TC03. Verify that the user will be able to input their email to login page and pressing Enter key" line="65">
<kw name="Set Selenium Speed" owner="SeleniumLibrary">
<arg>.2s</arg>
<doc>Sets the delay that is waited after each Selenium command.</doc>
<status status="PASS" start="2024-03-25T11:07:01.867967" elapsed="0.000567"/>
</kw>
<kw name="Set Selenium Timeout" owner="SeleniumLibrary">
<arg>10s</arg>
<doc>Sets the timeout that is used by various keywords.</doc>
<status status="PASS" start="2024-03-25T11:07:01.868989" elapsed="0.000612"/>
</kw>
<kw name="Log" owner="BuiltIn">
<msg time="2024-03-25T11:07:01.870841" level="INFO">Starting the test case!</msg>
<arg>Starting the test case!</arg>
<doc>Logs the given message with the given level.</doc>
<status status="PASS" start="2024-03-25T11:07:01.870465" elapsed="0.000521"/>
</kw>
<kw name="Open Browser" owner="SeleniumLibrary">
<msg time="2024-03-25T11:07:01.872259" level="INFO">Opening browser 'chrome' to base url 'https://www.happydayshopping.com/products/account'.</msg>
<arg>${URL1}</arg>
<arg>chrome</arg>
<doc>Opens a new browser instance to the optional ``url``.</doc>
<status status="PASS" start="2024-03-25T11:07:01.871663" elapsed="9.835881"/>
</kw>
<kw name="Maximize Browser Window" owner="SeleniumLibrary">
<doc>Maximizes current browser window.</doc>
<status status="PASS" start="2024-03-25T11:07:11.708455" elapsed="0.643934"/>
</kw>
<kw name="Sleep" owner="BuiltIn">
<msg time="2024-03-25T11:07:15.356422" level="INFO">Slept 3 seconds.</msg>
<arg>3</arg>
<doc>Pauses the test executed for the given time.</doc>
<status status="PASS" start="2024-03-25T11:07:12.355537" elapsed="3.001289"/>
</kw>
<kw name="Input Text" owner="SeleniumLibrary">
<msg time="2024-03-25T11:07:15.358080" level="INFO">Typing text 'sarah_sasa17@yahoo.com' into text field '//input[@id='ec-signin-email-input']'.</msg>
<arg>${INPUT_USERNAME}</arg>
<arg>${VALID_USERNAME}</arg>
<doc>Types the given ``text`` into the text field identified by ``locator``.</doc>
<status status="PASS" start="2024-03-25T11:07:15.357482" elapsed="0.905171"/>
</kw>
<kw name="Sleep" owner="BuiltIn">
<msg time="2024-03-25T11:07:19.265311" level="INFO">Slept 3 seconds.</msg>
<arg>3</arg>
<doc>Pauses the test executed for the given time.</doc>
<status status="PASS" start="2024-03-25T11:07:16.263323" elapsed="3.002139"/>
</kw>
<kw name="Press Keys" owner="SeleniumLibrary">
<msg time="2024-03-25T11:07:19.266456" level="INFO">Sending key(s) ('[RETURN]',) to //button[@class='form-control__button form-control__button--icon-center'] element.</msg>
<msg time="2024-03-25T11:07:20.025022" level="INFO">Sending keys [RETURN]</msg>
<arg>${LOGIN_BTN}</arg>
<arg>[RETURN]</arg>
<doc>Simulates the user pressing key(s) to an element or on the active browser.</doc>
<status status="PASS" start="2024-03-25T11:07:19.265830" elapsed="1.028040"/>
</kw>
<kw name="Sleep" owner="BuiltIn">
<msg time="2024-03-25T11:07:23.295916" level="INFO">Slept 3 seconds.</msg>
<arg>3s</arg>
<doc>Pauses the test executed for the given time.</doc>
<status status="PASS" start="2024-03-25T11:07:20.294465" elapsed="3.001599"/>
</kw>
<kw name="Close Browser" owner="SeleniumLibrary">
<doc>Closes the current browser.</doc>
<status status="PASS" start="2024-03-25T11:07:23.296415" elapsed="0.336416"/>
</kw>
<doc>This is the login with a valid email</doc>
<tag>Positive Test Case</tag>
<status status="PASS" start="2024-03-25T11:07:01.866382" elapsed="21.766868"/>
</test>
<test id="s1-t4" name="TC04. Verify the success of sending login link to email should be displayed" line="88">
<kw name="Set Selenium Speed" owner="SeleniumLibrary">
<arg>.2s</arg>
<doc>Sets the delay that is waited after each Selenium command.</doc>
<status status="PASS" start="2024-03-25T11:07:23.634380" elapsed="0.000359"/>
</kw>
<kw name="Set Selenium Timeout" owner="SeleniumLibrary">
<arg>10s</arg>
<doc>Sets the timeout that is used by various keywords.</doc>
<status status="PASS" start="2024-03-25T11:07:23.634988" elapsed="0.000276"/>
</kw>
<kw name="Log" owner="BuiltIn">
<msg time="2024-03-25T11:07:23.635684" level="INFO">Starting the test case!</msg>
<arg>Starting the test case!</arg>
<doc>Logs the given message with the given level.</doc>
<status status="PASS" start="2024-03-25T11:07:23.635508" elapsed="0.000251"/>
</kw>
<kw name="Open Browser" owner="SeleniumLibrary">
<msg time="2024-03-25T11:07:23.636634" level="INFO">Opening browser 'chrome' to base url 'https://www.happydayshopping.com/products/account'.</msg>
<arg>${URL1}</arg>
<arg>chrome</arg>
<doc>Opens a new browser instance to the optional ``url``.</doc>
<status status="PASS" start="2024-03-25T11:07:23.636143" elapsed="10.742700"/>
</kw>
<kw name="Maximize Browser Window" owner="SeleniumLibrary">
<doc>Maximizes current browser window.</doc>
<status status="PASS" start="2024-03-25T11:07:34.379788" elapsed="0.652348"/>
</kw>
<kw name="Sleep" owner="BuiltIn">
<msg time="2024-03-25T11:07:38.033405" level="INFO">Slept 3 seconds.</msg>
<arg>3</arg>
<doc>Pauses the test executed for the given time.</doc>
<status status="PASS" start="2024-03-25T11:07:35.032712" elapsed="3.000973"/>
</kw>
<kw name="Input Text" owner="SeleniumLibrary">
<msg time="2024-03-25T11:07:38.035402" level="INFO">Typing text 'sarah_sasa17@yahoo.com' into text field '//input[@id='ec-signin-email-input']'.</msg>
<arg>${INPUT_USERNAME}</arg>
<arg>${VALID_USERNAME}</arg>
<doc>Types the given ``text`` into the text field identified by ``locator``.</doc>
<status status="PASS" start="2024-03-25T11:07:38.034304" elapsed="0.876925"/>
</kw>
<kw name="Sleep" owner="BuiltIn">
<msg time="2024-03-25T11:07:41.912225" level="INFO">Slept 3 seconds.</msg>
<arg>3</arg>
<doc>Pauses the test executed for the given time.</doc>
<status status="PASS" start="2024-03-25T11:07:38.911596" elapsed="3.000814"/>
</kw>
<kw name="Click Button" owner="SeleniumLibrary">
<msg time="2024-03-25T11:07:41.915908" level="INFO">Clicking button '//button[@class='form-control__button form-control__button--icon-center']'.</msg>
<arg>${LOGIN_BTN}</arg>
<doc>Clicks the button identified by ``locator``.</doc>
<status status="PASS" start="2024-03-25T11:07:41.914488" elapsed="1.137216"/>
</kw>
<kw name="Sleep" owner="BuiltIn">
<msg time="2024-03-25T11:07:46.053437" level="INFO">Slept 3 seconds.</msg>
<arg>3</arg>
<doc>Pauses the test executed for the given time.</doc>
<status status="PASS" start="2024-03-25T11:07:43.052617" elapsed="3.001021"/>
</kw>
<kw name="Element Should Be Visible" owner="SeleniumLibrary">
<msg time="2024-03-25T11:07:46.500961" level="INFO">Element '//div[@class='ec-notice__message']' is displayed.</msg>
<arg>${NOTIF1}</arg>
<doc>Verifies that the element identified by ``locator`` is visible.</doc>
<status status="PASS" start="2024-03-25T11:07:46.054082" elapsed="0.447166"/>
</kw>
<kw name="Sleep" owner="BuiltIn">
<msg time="2024-03-25T11:07:49.502885" level="INFO">Slept 3 seconds.</msg>
<arg>3s</arg>
<doc>Pauses the test executed for the given time.</doc>
<status status="PASS" start="2024-03-25T11:07:46.501814" elapsed="3.001221"/>
</kw>
<kw name="Close Browser" owner="SeleniumLibrary">
<doc>Closes the current browser.</doc>
<status status="PASS" start="2024-03-25T11:07:49.503368" elapsed="0.337289"/>
</kw>
<doc>This is the login with a valid email</doc>
<tag>Positive Test Case</tag>
<status status="PASS" start="2024-03-25T11:07:23.633698" elapsed="26.207422"/>
</test>
<test id="s1-t5" name="TC05. Verify the error message should display after leaving the email field blank" line="113">
<kw name="Set Selenium Speed" owner="SeleniumLibrary">
<arg>.2s</arg>
<doc>Sets the delay that is waited after each Selenium command.</doc>
<status status="PASS" start="2024-03-25T11:07:49.842676" elapsed="0.000389"/>
</kw>
<kw name="Set Selenium Timeout" owner="SeleniumLibrary">
<arg>10s</arg>
<doc>Sets the timeout that is used by various keywords.</doc>
<status status="PASS" start="2024-03-25T11:07:49.843326" elapsed="0.000302"/>
</kw>
<kw name="Log" owner="BuiltIn">
<msg time="2024-03-25T11:07:49.844477" level="INFO">Starting the test case!</msg>
<arg>Starting the test case!</arg>
<doc>Logs the given message with the given level.</doc>
<status status="PASS" start="2024-03-25T11:07:49.844231" elapsed="0.000393"/>
</kw>
<kw name="Open Browser" owner="SeleniumLibrary">
<msg time="2024-03-25T11:07:49.845461" level="INFO">Opening browser 'chrome' to base url 'https://www.happydayshopping.com/products/account'.</msg>
<arg>${URL1}</arg>
<arg>chrome</arg>
<doc>Opens a new browser instance to the optional ``url``.</doc>
<status status="PASS" start="2024-03-25T11:07:49.844946" elapsed="10.026565"/>
</kw>
<kw name="Maximize Browser Window" owner="SeleniumLibrary">
<doc>Maximizes current browser window.</doc>
<status status="PASS" start="2024-03-25T11:07:59.872374" elapsed="0.620815"/>
</kw>
<kw name="Sleep" owner="BuiltIn">
<msg time="2024-03-25T11:08:03.494672" level="INFO">Slept 3 seconds.</msg>
<arg>3</arg>
<doc>Pauses the test executed for the given time.</doc>
<status status="PASS" start="2024-03-25T11:08:00.493568" elapsed="3.001261"/>
</kw>
<kw name="Click Button" owner="SeleniumLibrary">
<msg time="2024-03-25T11:08:03.495664" level="INFO">Clicking button '//button[@class='form-control__button form-control__button--icon-center']'.</msg>
<arg>${LOGIN_BTN}</arg>
<doc>Clicks the button identified by ``locator``.</doc>
<status status="PASS" start="2024-03-25T11:08:03.495168" elapsed="1.188971"/>
</kw>
<kw name="Element Should Be Visible" owner="SeleniumLibrary">
<msg time="2024-03-25T11:08:05.122847" level="INFO">Element '//div[@id='ec-signin-email-input-msg']' is displayed.</msg>
<arg>${NOTIF2}</arg>
<doc>Verifies that the element identified by ``locator`` is visible.</doc>
<status status="PASS" start="2024-03-25T11:08:04.684526" elapsed="0.439858"/>
</kw>
<kw name="Sleep" owner="BuiltIn">
<msg time="2024-03-25T11:08:08.135769" level="INFO">Slept 3 seconds.</msg>
<arg>3s</arg>
<doc>Pauses the test executed for the given time.</doc>
<status status="PASS" start="2024-03-25T11:08:05.125044" elapsed="3.013746"/>
</kw>
<kw name="Close Browser" owner="SeleniumLibrary">
<doc>Closes the current browser.</doc>
<status status="PASS" start="2024-03-25T11:08:08.141145" elapsed="0.335023"/>
</kw>
<doc>This is the login with a valid email</doc>
<tag>Negative Test Case</tag>
<status status="PASS" start="2024-03-25T11:07:49.841813" elapsed="18.634737"/>
</test>
<test id="s1-t6" name="TC06. Verify if the user can input an email without a valid email extension behind it" line="135">
<kw name="Set Selenium Speed" owner="SeleniumLibrary">
<arg>.2s</arg>
<doc>Sets the delay that is waited after each Selenium command.</doc>
<status status="PASS" start="2024-03-25T11:08:08.477698" elapsed="0.000360"/>
</kw>
<kw name="Set Selenium Timeout" owner="SeleniumLibrary">
<arg>10s</arg>
<doc>Sets the timeout that is used by various keywords.</doc>
<status status="PASS" start="2024-03-25T11:08:08.478306" elapsed="0.000274"/>
</kw>
<kw name="Log" owner="BuiltIn">
<msg time="2024-03-25T11:08:08.479000" level="INFO">Starting the test case!</msg>
<arg>Starting the test case!</arg>
<doc>Logs the given message with the given level.</doc>
<status status="PASS" start="2024-03-25T11:08:08.478824" elapsed="0.000256"/>
</kw>
<kw name="Open Browser" owner="SeleniumLibrary">
<msg time="2024-03-25T11:08:08.479671" level="INFO">Opening browser 'chrome' to base url 'https://www.happydayshopping.com/products/account'.</msg>
<arg>${URL1}</arg>
<arg>chrome</arg>
<doc>Opens a new browser instance to the optional ``url``.</doc>
<status status="PASS" start="2024-03-25T11:08:08.479352" elapsed="3.572296"/>
</kw>
<kw name="Maximize Browser Window" owner="SeleniumLibrary">
<doc>Maximizes current browser window.</doc>
<status status="PASS" start="2024-03-25T11:08:12.052913" elapsed="6.802645"/>
</kw>
<kw name="Sleep" owner="BuiltIn">
<msg time="2024-03-25T11:08:21.857662" level="INFO">Slept 3 seconds.</msg>
<arg>3</arg>
<doc>Pauses the test executed for the given time.</doc>
<status status="PASS" start="2024-03-25T11:08:18.856373" elapsed="3.001442"/>
</kw>
<kw name="Input Text" owner="SeleniumLibrary">
<msg time="2024-03-25T11:08:21.858837" level="INFO">Typing text 'sarah_sasa17' into text field '//input[@id='ec-signin-email-input']'.</msg>
<arg>${INPUT_USERNAME}</arg>
<arg>${INVALID_USERAME}</arg>
<doc>Types the given ``text`` into the text field identified by ``locator``.</doc>
<status status="PASS" start="2024-03-25T11:08:21.858257" elapsed="0.838985"/>
</kw>
<kw name="Sleep" owner="BuiltIn">
<msg time="2024-03-25T11:08:25.698935" level="INFO">Slept 3 seconds.</msg>
<arg>3</arg>
<doc>Pauses the test executed for the given time.</doc>
<status status="PASS" start="2024-03-25T11:08:22.698047" elapsed="3.001034"/>
</kw>
<kw name="Click Button" owner="SeleniumLibrary">
<msg time="2024-03-25T11:08:25.699854" level="INFO">Clicking button '//button[@class='form-control__button form-control__button--icon-center']'.</msg>
<arg>${LOGIN_BTN}</arg>
<doc>Clicks the button identified by ``locator``.</doc>
<status status="PASS" start="2024-03-25T11:08:25.699433" elapsed="1.140378"/>
</kw>
<kw name="Sleep" owner="BuiltIn">
<msg time="2024-03-25T11:08:29.843938" level="INFO">Slept 3 seconds.</msg>
<arg>3s</arg>
<doc>Pauses the test executed for the given time.</doc>
<status status="PASS" start="2024-03-25T11:08:26.841383" elapsed="3.002706"/>
</kw>
<kw name="Close Browser" owner="SeleniumLibrary">
<doc>Closes the current browser.</doc>
<status status="PASS" start="2024-03-25T11:08:29.844434" elapsed="0.337481"/>
</kw>
<doc>This is the login with a valid email</doc>
<tag>Edge Test Case</tag>
<status status="PASS" start="2024-03-25T11:08:08.476998" elapsed="21.705300"/>
</test>
<test id="s1-t7" name="TC07. Verify if the user can input the extension of the email without an email name" line="158">
<kw name="Set Selenium Speed" owner="SeleniumLibrary">
<arg>.2s</arg>
<doc>Sets the delay that is waited after each Selenium command.</doc>
<status status="PASS" start="2024-03-25T11:08:30.183445" elapsed="0.000363"/>
</kw>
<kw name="Set Selenium Timeout" owner="SeleniumLibrary">
<arg>10s</arg>
<doc>Sets the timeout that is used by various keywords.</doc>
<status status="PASS" start="2024-03-25T11:08:30.184057" elapsed="0.000265"/>
</kw>
<kw name="Log" owner="BuiltIn">
<msg time="2024-03-25T11:08:30.184737" level="INFO">Starting the test case!</msg>
<arg>Starting the test case!</arg>
<doc>Logs the given message with the given level.</doc>
<status status="PASS" start="2024-03-25T11:08:30.184564" elapsed="0.000248"/>
</kw>
<kw name="Open Browser" owner="SeleniumLibrary">
<msg time="2024-03-25T11:08:30.185381" level="INFO">Opening browser 'chrome' to base url 'https://www.happydayshopping.com/products/account'.</msg>
<arg>${URL1}</arg>
<arg>chrome</arg>
<doc>Opens a new browser instance to the optional ``url``.</doc>
<status status="PASS" start="2024-03-25T11:08:30.185076" elapsed="9.940410"/>
</kw>
<kw name="Maximize Browser Window" owner="SeleniumLibrary">
<doc>Maximizes current browser window.</doc>
<status status="PASS" start="2024-03-25T11:08:40.126286" elapsed="0.649495"/>
</kw>
<kw name="Sleep" owner="BuiltIn">
<msg time="2024-03-25T11:08:43.777135" level="INFO">Slept 3 seconds.</msg>
<arg>3</arg>
<doc>Pauses the test executed for the given time.</doc>
<status status="PASS" start="2024-03-25T11:08:40.776147" elapsed="3.001327"/>
</kw>
<kw name="Input Text" owner="SeleniumLibrary">
<msg time="2024-03-25T11:08:43.779457" level="INFO">Typing text '@yahoo.com' into text field '//input[@id='ec-signin-email-input']'.</msg>
<arg>${INPUT_USERNAME}</arg>
<arg>${INVALID_USERAME2}</arg>
<doc>Types the given ``text`` into the text field identified by ``locator``.</doc>
<status status="PASS" start="2024-03-25T11:08:43.778603" elapsed="0.876309"/>
</kw>
<kw name="Sleep" owner="BuiltIn">
<msg time="2024-03-25T11:08:47.658144" level="INFO">Slept 3 seconds.</msg>
<arg>3</arg>
<doc>Pauses the test executed for the given time.</doc>
<status status="PASS" start="2024-03-25T11:08:44.655933" elapsed="3.002460"/>
</kw>
<kw name="Click Button" owner="SeleniumLibrary">
<msg time="2024-03-25T11:08:47.659642" level="INFO">Clicking button '//button[@class='form-control__button form-control__button--icon-center']'.</msg>
<arg>${LOGIN_BTN}</arg>
<doc>Clicks the button identified by ``locator``.</doc>
<status status="PASS" start="2024-03-25T11:08:47.658975" elapsed="1.118650"/>
</kw>
<kw name="Sleep" owner="BuiltIn">
<msg time="2024-03-25T11:08:51.778617" level="INFO">Slept 3 seconds.</msg>
<arg>3s</arg>
<doc>Pauses the test executed for the given time.</doc>
<status status="PASS" start="2024-03-25T11:08:48.778053" elapsed="3.000742"/>
</kw>
<kw name="Close Browser" owner="SeleniumLibrary">
<doc>Closes the current browser.</doc>
<status status="PASS" start="2024-03-25T11:08:51.779133" elapsed="0.332397"/>
</kw>
<doc>This is the login with a valid email</doc>
<tag>Edge Test Case</tag>
<status status="PASS" start="2024-03-25T11:08:30.182739" elapsed="21.929384"/>
</test>
<doc>This is some basic info about the whole suite</doc>
<status status="PASS" start="2024-03-25T11:06:19.698664" elapsed="152.415476"/>
</suite>
<statistics>
<total>
<stat pass="7" fail="0" skip="0">All Tests</stat>
</total>
<tag>
<stat pass="2" fail="0" skip="0">Edge Test Case</stat>
<stat pass="1" fail="0" skip="0">Negative Test Case</stat>
<stat pass="4" fail="0" skip="0">Positive Test Case</stat>
</tag>
<suite>
<stat pass="7" fail="0" skip="0" id="s1" name="Logintest">Logintest</stat>
</suite>
</statistics>
<errors>
</errors>
</robot>
